0 info it worked if it ends with ok
1 verbose cli [ '/usr/local/bin/node', '/usr/local/bin/npm', 'run', 'pub' ]
2 info using npm@3.10.10
3 info using node@v6.10.3
4 verbose run-script [ 'prepub', 'pub', 'postpub' ]
5 info lifecycle css_utils@0.0.17~prepub: css_utils@0.0.17
6 silly lifecycle css_utils@0.0.17~prepub: no script for prepub, continuing
7 info lifecycle css_utils@0.0.17~pub: css_utils@0.0.17
8 verbose lifecycle css_utils@0.0.17~pub: unsafe-perm in lifecycle true
9 verbose lifecycle css_utils@0.0.17~pub: PATH: /usr/local/lib/node_modules/npm/bin/node-gyp-bin:/Users/TandemSeven/Development/css_utils/node_modules/.bin:/Users/TandemSeven/.rvm/gems/ruby-2.3.0/bin:/Users/TandemSeven/.rvm/gems/ruby-2.3.0@global/bin:/Users/TandemSeven/.rvm/rubies/ruby-2.3.0/bin:/usr/local/bin:/usr/bin:/bin:/usr/sbin:/sbin:/Users/TandemSeven/.rvm/bin:/Users/TandemSeven/Library/Android/sdk/tools:/Users/TandemSeven/Library/Android/sdk/platform-tools
10 verbose lifecycle css_utils@0.0.17~pub: CWD: /Users/TandemSeven/Development/css_utils
11 silly lifecycle css_utils@0.0.17~pub: Args: [ '-c', 'npm run build && npm publish' ]
12 silly lifecycle css_utils@0.0.17~pub: Returned: code: 1  signal: null
13 info lifecycle css_utils@0.0.17~pub: Failed to exec pub script
14 verbose stack Error: css_utils@0.0.17 pub: `npm run build && npm publish`
14 verbose stack Exit status 1
14 verbose stack     at EventEmitter.<anonymous> (/usr/local/lib/node_modules/npm/lib/utils/lifecycle.js:255:16)
14 verbose stack     at emitTwo (events.js:106:13)
14 verbose stack     at EventEmitter.emit (events.js:191:7)
14 verbose stack     at ChildProcess.<anonymous> (/usr/local/lib/node_modules/npm/lib/utils/spawn.js:40:14)
14 verbose stack     at emitTwo (events.js:106:13)
14 verbose stack     at ChildProcess.emit (events.js:191:7)
14 verbose stack     at maybeClose (internal/child_process.js:886:16)
14 verbose stack     at Process.ChildProcess._handle.onexit (internal/child_process.js:226:5)
15 verbose pkgid css_utils@0.0.17
16 verbose cwd /Users/TandemSeven/Development/css_utils
17 error Darwin 16.7.0
18 error argv "/usr/local/bin/node" "/usr/local/bin/npm" "run" "pub"
19 error node v6.10.3
20 error npm  v3.10.10
21 error code ELIFECYCLE
22 error css_utils@0.0.17 pub: `npm run build && npm publish`
22 error Exit status 1
23 error Failed at the css_utils@0.0.17 pub script 'npm run build && npm publish'.
23 error Make sure you have the latest version of node.js and npm installed.
23 error If you do, this is most likely a problem with the css_utils package,
23 error not with npm itself.
23 error Tell the author that this fails on your system:
23 error     npm run build && npm publish
23 error You can get information on how to open an issue for this project with:
23 error     npm bugs css_utils
23 error Or if that isn't available, you can get their info via:
23 error     npm owner ls css_utils
23 error There is likely additional logging output above.
24 verbose exit [ 1, true ]
